# JRE version: OpenJDK Runtime Environment (8.0_112-b06) (build 1.8.0_112-release-b06)
# Java VM: OpenJDK 64-Bit Server VM (25.112-b06 mixed mode windows-amd64 compressed oops)
Heap:
 PSYoungGen      total 384512K, used 262019K [0x00000000e0000000, 0x0000000100000000, 0x0000000100000000)
  eden space 244736K, 98% used [0x00000000e0000000,0x00000000eec566e8,0x00000000eef00000)
  from space 139776K, 14% used [0x00000000eef00000,0x00000000f028a608,0x00000000f7780000)
  to   space 132608K, 0% used [0x00000000f7e80000,0x00000000f7e80000,0x0000000100000000)
 ParOldGen       total 291328K, used 177809K [0x00000000a0000000, 0x00000000b1c80000, 0x00000000e0000000)
  object space 291328K, 61% used [0x00000000a0000000,0x00000000aada46f8,0x00000000b1c80000)
 Metaspace       used 85687K, capacity 89172K, committed 89472K, reserved 1128448K
  class space    used 10388K, capacity 11099K, committed 11136K, reserved 1048576K
GC Heap History (10 events):
Event: 499.342 GC heap before
{Heap before GC invocations=41 (full 11):
 PSYoungGen      total 394752K, used 275008K [0x00000000e0000000, 0x00000000ff800000, 0x0000000100000000)
  eden space 273408K, 100% used [0x00000000e0000000,0x00000000f0b00000,0x00000000f0b00000)
  from space 121344K, 1% used [0x00000000f0b00000,0x00000000f0c90000,0x00000000f8180000)
  to   space 121344K, 0% used [0x00000000f8180000,0x00000000f8180000,0x00000000ff800000)
 ParOldGen       total 163328K, used 82870K [0x00000000a0000000, 0x00000000a9f80000, 0x00000000e0000000)
  object space 163328K, 50% used [0x00000000a0000000,0x00000000a50ed910,0x00000000a9f80000)
 Metaspace       used 84288K, capacity 87714K, committed 88064K, reserved 1126400K
  class space    used 10204K, capacity 10898K, committed 11008K, reserved 1048576K
Event: 499.349 GC heap after
Heap after GC invocations=41 (full 11):
 PSYoungGen      total 395776K, used 1047K [0x00000000e0000000, 0x00000000ffe00000, 0x0000000100000000)
  eden space 274432K, 0% used [0x00000000e0000000,0x00000000e0000000,0x00000000f0c00000)
  from space 121344K, 0% used [0x00000000f8180000,0x00000000f8285ea8,0x00000000ff800000)
  to   space 120320K, 0% used [0x00000000f0c00000,0x00000000f0c00000,0x00000000f8180000)
 ParOldGen       total 163328K, used 83190K [0x00000000a0000000, 0x00000000a9f80000, 0x00000000e0000000)
  object space 163328K, 50% used [0x00000000a0000000,0x00000000a513d910,0x00000000a9f80000)
 Metaspace       used 84288K, capacity 87714K, committed 88064K, reserved 1126400K
  class space    used 10204K, capacity 10898K, committed 11008K, reserved 1048576K
}
Event: 503.889 GC heap before
{Heap before GC invocations=42 (full 11):
 PSYoungGen      total 395776K, used 275479K [0x00000000e0000000, 0x00000000ffe00000, 0x0000000100000000)
  eden space 274432K, 100% used [0x00000000e0000000,0x00000000f0c00000,0x00000000f0c00000)
  from space 121344K, 0% used [0x00000000f8180000,0x00000000f8285ea8,0x00000000ff800000)
  to   space 120320K, 0% used [0x00000000f0c00000,0x00000000f0c00000,0x00000000f8180000)
 ParOldGen       total 163328K, used 83190K [0x00000000a0000000, 0x00000000a9f80000, 0x00000000e0000000)
  object space 163328K, 50% used [0x00000000a0000000,0x00000000a513d910,0x00000000a9f80000)
 Metaspace       used 84354K, capacity 87790K, committed 88064K, reserved 1126400K
  class space    used 10208K, capacity 10900K, committed 11008K, reserved 1048576K
Event: 503.896 GC heap after
Heap after GC invocations=42 (full 11):
 PSYoungGen      total 394752K, used 891K [0x00000000e0000000, 0x00000000ffb00000, 0x0000000100000000)
  eden space 274432K, 0% used [0x00000000e0000000,0x00000000e0000000,0x00000000f0c00000)
  from space 120320K, 0% used [0x00000000f0c00000,0x00000000f0cdeef8,0x00000000f8180000)
  to   space 118272K, 0% used [0x00000000f8780000,0x00000000f8780000,0x00000000ffb00000)
 ParOldGen       total 163328K, used 83326K [0x00000000a0000000, 0x00000000a9f80000, 0x00000000e0000000)
  object space 163328K, 51% used [0x00000000a0000000,0x00000000a515f910,0x00000000a9f80000)
 Metaspace       used 84354K, capacity 87790K, committed 88064K, reserved 1126400K
  class space    used 10208K, capacity 10900K, committed 11008K, reserved 1048576K
}
Event: 509.507 GC heap before
{Heap before GC invocations=43 (full 11):
 PSYoungGen      total 394752K, used 275323K [0x00000000e0000000, 0x00000000ffb00000, 0x0000000100000000)
  eden space 274432K, 100% used [0x00000000e0000000,0x00000000f0c00000,0x00000000f0c00000)
  from space 120320K, 0% used [0x00000000f0c00000,0x00000000f0cdeef8,0x00000000f8180000)
  to   space 118272K, 0% used [0x00000000f8780000,0x00000000f8780000,0x00000000ffb00000)
 ParOldGen       total 163328K, used 83326K [0x00000000a0000000, 0x00000000a9f80000, 0x00000000e0000000)
  object space 163328K, 51% used [0x00000000a0000000,0x00000000a515f910,0x00000000a9f80000)
 Metaspace       used 85372K, capacity 88852K, committed 89216K, reserved 1128448K
  class space    used 10352K, capacity 11035K, committed 11136K, reserved 1048576K
Event: 509.781 GC heap after
Heap after GC invocations=43 (full 11):
 PSYoungGen      total 363008K, used 114529K [0x00000000e0000000, 0x0000000100000000, 0x0000000100000000)
  eden space 244736K, 0% used [0x00000000e0000000,0x00000000e0000000,0x00000000eef00000)
  from space 118272K, 96% used [0x00000000f8780000,0x00000000ff758518,0x00000000ffb00000)
  to   space 139776K, 0% used [0x00000000eef00000,0x00000000eef00000,0x00000000f7780000)
 ParOldGen       total 163328K, used 83326K [0x00000000a0000000, 0x00000000a9f80000, 0x00000000e0000000)
  object space 163328K, 51% used [0x00000000a0000000,0x00000000a515f910,0x00000000a9f80000)
 Metaspace       used 85372K, capacity 88852K, committed 89216K, reserved 1128448K
  class space    used 10352K, capacity 11035K, committed 11136K, reserved 1048576K
}
Event: 510.958 GC heap before
{Heap before GC invocations=44 (full 11):
 PSYoungGen      total 363008K, used 359265K [0x00000000e0000000, 0x0000000100000000, 0x0000000100000000)
  eden space 244736K, 100% used [0x00000000e0000000,0x00000000eef00000,0x00000000eef00000)
  from space 118272K, 96% used [0x00000000f8780000,0x00000000ff758518,0x00000000ffb00000)
  to   space 139776K, 0% used [0x00000000eef00000,0x00000000eef00000,0x00000000f7780000)
 ParOldGen       total 163328K, used 83326K [0x00000000a0000000, 0x00000000a9f80000, 0x00000000e0000000)
  object space 163328K, 51% used [0x00000000a0000000,0x00000000a515f910,0x00000000a9f80000)
 Metaspace       used 85544K, capacity 89012K, committed 89216K, reserved 1128448K
  class space    used 10373K, capacity 11067K, committed 11136K, reserved 1048576K
Event: 511.337 GC heap after
Heap after GC invocations=44 (full 11):
 PSYoungGen      total 384512K, used 25728K [0x00000000e0000000, 0x0000000100000000, 0x0000000100000000)
  eden space 244736K, 0% used [0x00000000e0000000,0x00000000e0000000,0x00000000eef00000)
  from space 139776K, 18% used [0x00000000eef00000,0x00000000f0820000,0x00000000f7780000)
  to   space 132608K, 0% used [0x00000000f7e80000,0x00000000f7e80000,0x0000000100000000)
 ParOldGen       total 178176K, used 178088K [0x00000000a0000000, 0x00000000aae00000, 0x00000000e0000000)
  object space 178176K, 99% used [0x00000000a0000000,0x00000000aadea040,0x00000000aae00000)
 Metaspace       used 85544K, capacity 89012K, committed 89216K, reserved 1128448K
  class space    used 10373K, capacity 11067K, committed 11136K, reserved 1048576K
}
Event: 511.337 GC heap before
{Heap before GC invocations=45 (full 12):
 PSYoungGen      total 384512K, used 25728K [0x00000000e0000000, 0x0000000100000000, 0x0000000100000000)
  eden space 244736K, 0% used [0x00000000e0000000,0x00000000e0000000,0x00000000eef00000)
  from space 139776K, 18% used [0x00000000eef00000,0x00000000f0820000,0x00000000f7780000)
  to   space 132608K, 0% used [0x00000000f7e80000,0x00000000f7e80000,0x0000000100000000)
 ParOldGen       total 178176K, used 178088K [0x00000000a0000000, 0x00000000aae00000, 0x00000000e0000000)
  object space 178176K, 99% used [0x00000000a0000000,0x00000000aadea040,0x00000000aae00000)
 Metaspace       used 85544K, capacity 89012K, committed 89216K, reserved 1128448K
  class space    used 10373K, capacity 11067K, committed 11136K, reserved 1048576K
Event: 513.299 GC heap after
Heap after GC invocations=45 (full 12):
 PSYoungGen      total 384512K, used 20009K [0x00000000e0000000, 0x0000000100000000, 0x0000000100000000)
  eden space 244736K, 0% used [0x00000000e0000000,0x00000000e0000000,0x00000000eef00000)
  from space 139776K, 14% used [0x00000000eef00000,0x00000000f028a608,0x00000000f7780000)
  to   space 132608K, 0% used [0x00000000f7e80000,0x00000000f7e80000,0x0000000100000000)
 ParOldGen       total 291328K, used 177809K [0x00000000a0000000, 0x00000000b1c80000, 0x00000000e0000000)
  object space 291328K, 61% used [0x00000000a0000000,0x00000000aada46f8,0x00000000b1c80000)
 Metaspace       used 85544K, capacity 89012K, committed 89216K, reserved 1128448K
  class space    used 10373K, capacity 11067K, committed 11136K, reserved 1048576K
}

